Started Fri Jul 18 06:33:13 2025
/muscle/bin/muscle -in muscle-I20250718-063307-0344-23525757-p1m.sequence -verbose -log muscle-I20250718-063307-0344-23525757-p1m.output -quiet -clw -out muscle-I20250718-063307-0344-23525757-p1m.clw 
Alphabet Amino

MUSCLE v3.8.425 by Robert C. Edgar
http://www.drive5.com/muscle

Profile-profile score    LE
Max iterations           8
Max trees                1
Max time                 (No limit)
Max MB                   4294966866
Gap open                 -2.9
Gap extend (dimer)       0
Gap ambig factor         0
Gap ambig penalty        -0
Center (LE)              -0.52
Term gaps                Half
Smooth window length     7
Refine window length     200
Min anchor spacing       32
Min diag length (lambda) 24
Diag margin (mu)         5
Min diag break           1
Hydrophobic window       5
Hydrophobic gap factor   1.2
Smooth score ceiling     3
Min best col score       2
Min anchor score         1
SUEFF                    0.1
Brenner root MSA         False
Normalize counts         True
Diagonals (1)            False
Diagonals (2)            False
Anchors                  True
MSF output format        False
Phylip interleaved       False
Phylip sequential        False
ClustalW output format   True
Catch exceptions         True
Quiet                    True
Refine                   False
ProdfDB                  False
Low complexity profiles  True
Objective score          SPM
Distance method (1)      Kmer6_6
Clustering method (1)    UPGMB
Root method (1)          Pseudo
Sequence weighting (1)   ClustalW
Distance method (2)      PctIdKimura
Clustering method (2)    UPGMB
Root method (2)          Pseudo
Sequence weighting (2)   ClustalW

Elapsed time 00:00:00  Peak memory use   11 MB(-2%)  Iteration   1 K-mer dist pass 1
Elapsed time 00:00:00  Peak memory use   11 MB(-2%)  Iteration   1 K-mer dist pass 2
Align: (1A3N_2|Chains B, D|HEMOGLOBIN [BETA CHAIN]|Homo sapiens [9606]) (2D5X_2|Chain B|Hemoglobin beta subunit|Equus caballus [9796])
Align: (1HDA_2|Chains B, D|HEMOGLOBIN [DEOXY] [BETA CHAIN]|Bos taurus [9913]) (1A3N_2|Chains B, D|HEMOGLOBIN [BETA CHAIN]|Homo sapiens [9606],2D5X_2|Chain B|Hemoglobin beta subunit|Equus caballus [9796])
Align: (1HBR_2|Chains B, D|PROTEIN [HEMOGLOBIN D]|Gallus gallus [9031]) (1HDA_2|Chains B, D|HEMOGLOBIN [DEOXY] [BETA CHAIN]|Bos taurus [9913],1A3N_2|Chains B, D|HEMOGLOBIN [BETA CHAIN]|Homo sapiens [9606],2D5X_2|Chain B|Hemoglobin beta subunit|Equus caballus [9796])
Align: (1A3N_1|Chains A, C|HEMOGLOBIN [ALPHA CHAIN]|Homo sapiens [9606]) (2D5X_1|Chain A|Hemoglobin alpha subunit|Equus caballus [9796])
Align: (1HDA_1|Chains A, C|HEMOGLOBIN [DEOXY] [ALPHA CHAIN]|Bos taurus [9913]) (1A3N_1|Chains A, C|HEMOGLOBIN [ALPHA CHAIN]|Homo sapiens [9606],2D5X_1|Chain A|Hemoglobin alpha subunit|Equus caballus [9796])
Align: (1HBR_1|Chains A, C|PROTEIN [HEMOGLOBIN D]|Gallus gallus [9031]) (1HDA_1|Chains A, C|HEMOGLOBIN [DEOXY] [ALPHA CHAIN]|Bos taurus [9913],1A3N_1|Chains A, C|HEMOGLOBIN [ALPHA CHAIN]|Homo sapiens [9606],2D5X_1|Chain A|Hemoglobin alpha subunit|Equus caballus [9796])
Align: (1HBR_2|Chains B, D|PROTEIN [HEMOGLOBIN D]|Gallus gallus [9031],1HDA_2|Chains B, D|HEMOGLOBIN [DEOXY] [BETA CHAIN]|Bos taurus [9913],1A3N_2|Chains B, D|HEMOGLOBIN [BETA CHAIN]|Homo sapiens [9606],2D5X_2|Chain B|Hemoglobin beta subunit|Equus caballus [9796]) (1HBR_1|Chains A, C|PROTEIN [HEMOGLOBIN D]|Gallus gallus [9031],1HDA_1|Chains A, C|HEMOGLOBIN [DEOXY] [ALPHA CHAIN]|Bos taurus [9913],1A3N_1|Chains A, C|HEMOGLOBIN [ALPHA CHAIN]|Homo sapiens [9606],2D5X_1|Chain A|Hemoglobin alpha subunit|Equus caballus [9796])
Align: (1GCW_1|Chains A, C|PROTEIN [HEMOGLOBIN]|Mustelus griseus [89020]) (1HBR_2|Chains B, D|PROTEIN [HEMOGLOBIN D]|Gallus gallus [9031],1HDA_2|Chains B, D|HEMOGLOBIN [DEOXY] [BETA CHAIN]|Bos taurus [9913],1A3N_2|Chains B, D|HEMOGLOBIN [BETA CHAIN]|Homo sapiens [9606],2D5X_2|Chain B|Hemoglobin beta subunit|Equus caballus [9796],1HBR_1|Chains A, C|PROTEIN [HEMOGLOBIN D]|Gallus gallus [9031],1HDA_1|Chains A, C|HEMOGLOBIN [DEOXY] [ALPHA CHAIN]|Bos taurus [9913],1A3N_1|Chains A, C|HEMOGLOBIN [ALPHA CHAIN]|Homo sapiens [9606],2D5X_1|Chain A|Hemoglobin alpha subunit|Equus caballus [9796])
Align: (1GCW_2|Chains B, D|PROTEIN [HEMOGLOBIN]|Mustelus griseus [89020]) (1GCW_1|Chains A, C|PROTEIN [HEMOGLOBIN]|Mustelus griseus [89020],1HBR_2|Chains B, D|PROTEIN [HEMOGLOBIN D]|Gallus gallus [9031],1HDA_2|Chains B, D|HEMOGLOBIN [DEOXY] [BETA CHAIN]|Bos taurus [9913],1A3N_2|Chains B, D|HEMOGLOBIN [BETA CHAIN]|Homo sapiens [9606],2D5X_2|Chain B|Hemoglobin beta subunit|Equus caballus [9796],1HBR_1|Chains A, C|PROTEIN [HEMOGLOBIN D]|Gallus gallus [9031],1HDA_1|Chains A, C|HEMOGLOBIN [DEOXY] [ALPHA CHAIN]|Bos taurus [9913],1A3N_1|Chains A, C|HEMOGLOBIN [ALPHA CHAIN]|Homo sapiens [9606],2D5X_1|Chain A|Hemoglobin alpha subunit|Equus caballus [9796])
Align: (1VHB_1|Chains A, B|HEMOGLOBIN|Vitreoscilla stercoraria [61]) (1GCW_2|Chains B, D|PROTEIN [HEMOGLOBIN]|Mustelus griseus [89020],1GCW_1|Chains A, C|PROTEIN [HEMOGLOBIN]|Mustelus griseus [89020],1HBR_2|Chains B, D|PROTEIN [HEMOGLOBIN D]|Gallus gallus [9031],1HDA_2|Chains B, D|HEMOGLOBIN [DEOXY] [BETA CHAIN]|Bos taurus [9913],1A3N_2|Chains B, D|HEMOGLOBIN [BETA CHAIN]|Homo sapiens [9606],2D5X_2|Chain B|Hemoglobin beta subunit|Equus caballus [9796],1HBR_1|Chains A, C|PROTEIN [HEMOGLOBIN D]|Gallus gallus [9031],1HDA_1|Chains A, C|HEMOGLOBIN [DEOXY] [ALPHA CHAIN]|Bos taurus [9913],1A3N_1|Chains A, C|HEMOGLOBIN [ALPHA CHAIN]|Homo sapiens [9606],2D5X_1|Chain A|Hemoglobin alpha subunit|Equus caballus [9796])
Elapsed time 00:00:00  Peak memory use   14 MB(-3%)  Iteration   1 Align node
Elapsed time 00:00:00  Peak memory use   14 MB(-3%)  Iteration   1 Root alignment
Elapsed time 00:00:00  Peak memory use   14 MB(-3%)  Iteration   2 Refine tree
Elapsed time 00:00:00  Peak memory use   14 MB(-3%)  Iteration   2 Root alignment
Elapsed time 00:00:00  Peak memory use   14 MB(-3%)  Iteration   2 Root alignment
Anchor columns found       3
DP area saved by anchors   73.7%
Elapsed time 00:00:00  Peak memory use   14 MB(-3%)  Iteration   3 Refine biparts
Elapsed time 00:00:00  Peak memory use   14 MB(-3%)  Iteration   4 Refine biparts
Elapsed time 00:00:00  Peak memory use   14 MB(-3%)  Iteration   5 Refine biparts
Elapsed time 00:00:00  Peak memory use   14 MB(-3%)  Iteration   6 Refine biparts
Elapsed time 00:00:00  Peak memory use   14 MB(-3%)  Iteration   7 Refine biparts
Finished Fri Jul 18 06:33:13 2025
